<?xml version="1.0" encoding="UTF-8"?>
<!-- Generated by org.testng.reporters.JUnitReportReporter -->
<testsuite skipped="0" hostname="SHARATH" name="Practice.Addingtocart" tests="1" failures="0" timestamp="2021-03-01T22:01:10 IST" time="9.199" errors="0">
  <testcase name="additemstocart" time="9.199" classname="Practice.Addingtocart"/>
  <system-out/>
</testsuite> <!-- Practice.Addingtocart -->
