<?xml version="1.0" encoding="UTF-8"?>
<!-- Generated by org.testng.reporters.JUnitReportReporter -->
<testsuite skipped="0" hostname="SHARATH" name="Practice.Createaccount" tests="1" failures="0" timestamp="2020-12-19T01:36:26 IST" time="14.451" errors="0">
  <testcase name="overallinone" time="14.451" classname="Practice.Createaccount"/>
  <system-out/>
</testsuite> <!-- Practice.Createaccount -->
