<?xml version="1.0" encoding="UTF-8"?>
<!-- Generated by org.testng.reporters.JUnitReportReporter -->
<testsuite skipped="0" hostname="SHARATH" name="resources.Base" tests="1" failures="0" timestamp="2020-12-21T21:41:49 IST" time="4.202" errors="0">
  <testcase name="initailisedriver" time="4.202" classname="resources.Base"/>
  <system-out/>
</testsuite> <!-- resources.Base -->
