<?xml version="1.0" encoding="UTF-8"?>
<!-- Generated by org.testng.reporters.JUnitReportReporter -->
<testsuite skipped="1" hostname="SHARATH" name="Practice.E2einOne" tests="1" failures="0" timestamp="2021-03-01T16:58:29 IST" time="0.000" errors="0">
  <testcase name="overallinone" time="0.000" classname="Practice.E2einOne">
    <skipped/>
  </testcase> <!-- overallinone -->
  <system-out/>
</testsuite> <!-- Practice.E2einOne -->
