<?xml version="1.0" encoding="UTF-8"?>
<!-- Generated by org.testng.reporters.JUnitReportReporter -->
<testsuite skipped="0" hostname="SHARATH" name="Practice.Creatingaccount" tests="1" failures="0" timestamp="2021-03-01T22:01:10 IST" time="10.144" errors="0">
  <testcase name="fillacoountdetails" time="10.144" classname="Practice.Creatingaccount"/>
  <system-out/>
</testsuite> <!-- Practice.Creatingaccount -->
