<?xml version="1.0" encoding="UTF-8"?>
<!-- Generated by org.testng.reporters.JUnitReportReporter -->
<testsuite skipped="0" hostname="SHARATH" name="Practice.Creatingaccount" tests="1" failures="0" timestamp="2021-03-01T21:53:37 IST" time="14.087" errors="0">
  <testcase name="fillacoountdetails" time="14.087" classname="Practice.Creatingaccount"/>
  <system-out/>
</testsuite> <!-- Practice.Creatingaccount -->
