<?xml version="1.0" encoding="UTF-8"?>
<!-- Generated by org.testng.reporters.JUnitReportReporter -->
<testsuite skipped="0" hostname="SHARATH" name="Practice.Addingtocart" tests="1" failures="0" timestamp="2021-03-01T21:53:37 IST" time="7.959" errors="0">
  <testcase name="additemstocart" time="7.959" classname="Practice.Addingtocart"/>
  <system-out/>
</testsuite> <!-- Practice.Addingtocart -->
